<?xml version="1.0" encoding="UTF-8"?>
<!-- Generated by org.testng.reporters.JUnitXMLReporter -->
<testsuite ignored="0" hostname="MacBookdeAgnes" failures="0" tests="5" name="Test" time="2.367" errors="0" timestamp="2020-04-19T11:40:10 CEST">
  <testcase classname="testCases.ExecuteTest" name="@BeforeTest browserlaunch" time="2.226">
    <failure type="org.openqa.selenium.SessionNotCreatedException" message="Could not create a session: The Safari instance is already paired with another WebDriver session.
Build info: version: &amp;apos;3.141.59&amp;apos;, revision: &amp;apos;e82be7d358&amp;apos;, time: &amp;apos;2018-11-14T08:17:03&amp;apos;
System info: host: &amp;apos;MacBookdeAgnes&amp;apos;, ip: &amp;apos;fe80:0:0:0:6a:3aa:d461:89e3%en0&amp;apos;, os.name: &amp;apos;Mac OS X&amp;apos;, os.arch: &amp;apos;x86_64&amp;apos;, os.version: &amp;apos;10.15.4&amp;apos;, java.version: &amp;apos;14&amp;apos;
Driver info: driver.version: SafariDriver
remote stacktrace: ">
      <![CDATA[org.openqa.selenium.SessionNotCreatedException: Could not create a session: The Safari instance is already paired with another WebDriver session.
Build info: version: '3.141.59', revision: 'e82be7d358', time: '2018-11-14T08:17:03'
System info: host: 'MacBookdeAgnes', ip: 'fe80:0:0:0:6a:3aa:d461:89e3%en0', os.name: 'Mac OS X', os.arch: 'x86_64', os.version: '10.15.4', java.version: '14'
Driver info: driver.version: SafariDriver
remote stacktrace: 
at org.openqa.selenium.remote.W3CHandshakeResponse.lambda$errorHandler$0(W3CHandshakeResponse.java:62)
at org.openqa.selenium.remote.HandshakeResponse.lambda$getResponseFunction$0(HandshakeResponse.java:30)
at org.openqa.selenium.remote.ProtocolHandshake.lambda$createSession$0(ProtocolHandshake.java:126)
at java.base/java.util.stream.ReferencePipeline$3$1.accept(ReferencePipeline.java:195)
at java.base/java.util.Spliterators$ArraySpliterator.tryAdvance(Spliterators.java:958)
at java.base/java.util.stream.ReferencePipeline.forEachWithCancel(ReferencePipeline.java:127)
at java.base/java.util.stream.AbstractPipeline.copyIntoWithCancel(AbstractPipeline.java:502)
at java.base/java.util.stream.AbstractPipeline.copyInto(AbstractPipeline.java:488)
at java.base/java.util.stream.AbstractPipeline.wrapAndCopyInto(AbstractPipeline.java:474)
at java.base/java.util.stream.FindOps$FindOp.evaluateSequential(FindOps.java:150)
at java.base/java.util.stream.AbstractPipeline.evaluate(AbstractPipeline.java:234)
at java.base/java.util.stream.ReferencePipeline.findFirst(ReferencePipeline.java:543)
at org.openqa.selenium.remote.ProtocolHandshake.createSession(ProtocolHandshake.java:128)
at org.openqa.selenium.remote.ProtocolHandshake.createSession(ProtocolHandshake.java:74)
at org.openqa.selenium.remote.HttpCommandExecutor.execute(HttpCommandExecutor.java:136)
at org.openqa.selenium.remote.service.DriverCommandExecutor.execute(DriverCommandExecutor.java:83)
at org.openqa.selenium.remote.RemoteWebDriver.execute(RemoteWebDriver.java:552)
at org.openqa.selenium.remote.RemoteWebDriver.startSession(RemoteWebDriver.java:213)
at org.openqa.selenium.remote.RemoteWebDriver.<init>(RemoteWebDriver.java:131)
at org.openqa.selenium.safari.SafariDriver.<init>(SafariDriver.java:81)
at org.openqa.selenium.safari.SafariDriver.<init>(SafariDriver.java:63)
at org.openqa.selenium.safari.SafariDriver.<init>(SafariDriver.java:41)
at config.BrowserConfig.setupBrowser(BrowserConfig.java:36)
at testCases.ExecuteTest.browserlaunch(ExecuteTest.java:86)
... Removed 29 stack frames]]>
    </failure>
  </testcase> <!-- @BeforeTest browserlaunch -->
  <testcase classname="testCases.ExecuteTest" name="@AfterMethod tearDown" time="-1.58728921004E9">
    <skipped/>
  </testcase> <!-- @AfterMethod tearDown -->
  <testcase classname="testCases.ExecuteTest" name="@AfterMethod tearDown" time="-1.587289210058E9">
    <skipped/>
  </testcase> <!-- @AfterMethod tearDown -->
  <testcase classname="testCases.ExecuteTest" name="@AfterMethod tearDown" time="-1.587289210069E9">
    <skipped/>
  </testcase> <!-- @AfterMethod tearDown -->
  <testcase classname="testCases.ExecuteTest" name="@AfterMethod tearDown" time="-1.587289210082E9">
    <skipped/>
  </testcase> <!-- @AfterMethod tearDown -->
  <testcase classname="testCases.ExecuteTest" name="@AfterMethod tearDown" time="-1.587289210098E9">
    <skipped/>
  </testcase> <!-- @AfterMethod tearDown -->
  <testcase classname="testCases.ExecuteTest" name="@AfterTest closeBrowser" time="-1.587289210103E9">
    <skipped/>
  </testcase> <!-- @AfterTest closeBrowser -->
  <testcase classname="testCases.ExecuteTest" name="AddNewLabel" time="0.0">
    <skipped/>
  </testcase> <!-- AddNewLabel -->
  <testcase classname="testCases.ExecuteTest" name="CancelAddNewLabel" time="0.0">
    <skipped/>
  </testcase> <!-- CancelAddNewLabel -->
  <testcase classname="testCases.ExecuteTest" name="ModifyLabel" time="0.0">
    <skipped/>
  </testcase> <!-- ModifyLabel -->
  <testcase classname="testCases.ExecuteTest" name="DeleteLabel" time="0.0">
    <skipped/>
  </testcase> <!-- DeleteLabel -->
  <testcase classname="testCases.ExecuteTest" name="AssignLabelToEmail" time="0.0">
    <skipped/>
  </testcase> <!-- AssignLabelToEmail -->
</testsuite> <!-- Test -->
